\BOOKMARK [1][-]{section.1}{\376\377\000I\000n\000t\000r\000o\000d\000u\000c\000t\000i\000o\000n}{}% 1
\BOOKMARK [1][-]{section.2}{\376\377\000W\000e\000e\000k\000\040\000b\000y\000\040\000W\000e\000e\000k}{}% 2
\BOOKMARK [2][-]{subsection.2.1}{\376\377\000W\000e\000e\000k\000\040\0001}{section.2}% 3
\BOOKMARK [3][-]{subsubsection.2.1.1}{\376\377\000H\000W\000\040\0001\000\040\000-\000\040\000M\000U\000\040\000P\000u\000z\000z\000l\000e}{subsection.2.1}% 4
\BOOKMARK [3][-]{subsubsection.2.1.2}{\376\377\000H\000W\0001}{subsection.2.1}% 5
\BOOKMARK [2][-]{subsection.2.2}{\376\377\000W\000e\000e\000k\000\040\0002}{section.2}% 6
\BOOKMARK [3][-]{subsubsection.2.2.1}{\376\377\000H\000W\0002\000\040\000-\000\040\000A\000b\000s\000t\000r\000a\000c\000t\000\040\000R\000e\000w\000r\000i\000t\000i\000n\000g\000\040\000S\000y\000s\000t\000e\000m\000s\000\040\000\050\000A\000R\000S\000\051\000\040\000P\000r\000o\000p\000e\000r\000t\000i\000e\000s}{subsection.2.2}% 7
\BOOKMARK [2][-]{subsection.2.3}{\376\377\000W\000e\000e\000k\000\040\0003}{section.2}% 8
\BOOKMARK [3][-]{subsubsection.2.3.1}{\376\377\000H\000W\000\040\0003\000\040\000-\000\040\000E\000x\000e\000r\000c\000i\000s\000e\000\040\0005\000:\000\040\000R\000e\000d\000u\000c\000t\000i\000o\000n}{subsection.2.3}% 9
\BOOKMARK [2][-]{subsection.2.4}{\376\377\000W\000e\000e\000k\000\040\0004}{section.2}% 10
\BOOKMARK [3][-]{subsubsection.2.4.1}{\376\377\000H\000W\0004\000\040\000-\000\040\000T\000e\000r\000m\000i\000n\000a\000t\000i\000o\000n}{subsection.2.4}% 11
\BOOKMARK [2][-]{subsection.2.5}{\376\377\000H\000W\000\040\0005}{section.2}% 12
\BOOKMARK [3][-]{subsubsection.2.5.1}{\376\377\000W\000o\000r\000k\000o\000u\000t\000:\000\040\000S\000t\000e\000p\000-\000b\000y\000-\000s\000t\000e\000p\000\040\000/\000-\000r\000e\000d\000u\000c\000t\000i\000o\000n\000s}{subsection.2.5}% 13
\BOOKMARK [2][-]{subsection.2.6}{\376\377\000H\000W\000\040\0006}{section.2}% 14
\BOOKMARK [3][-]{subsubsection.2.6.1}{\376\377\000C\000o\000m\000p\000u\000t\000i\000n\000g\000\040\000f\000a\000c\000t\000\040\0003\000\040\000v\000i\000a\000\040\000a\000\040\000F\000i\000x\000e\000d\000\040\000P\000o\000i\000n\000t\000\040\000C\000o\000m\000b\000i\000n\000a\000t\000o\000r}{subsection.2.6}% 15
\BOOKMARK [2][-]{subsection.2.7}{\376\377\000W\000e\000e\000k\000\040\0007}{section.2}% 16
\BOOKMARK [3][-]{subsubsection.2.7.1}{\376\377\000H\000W\0007\000\040\000-\000\040\000P\000a\000r\000s\000e\000\040\000T\000r\000e\000e\000s\000\040\000f\000o\000r\000\040\000A\000r\000i\000t\000h\000m\000e\000t\000i\000c\000\040\000E\000x\000p\000r\000e\000s\000s\000i\000o\000n\000s}{subsection.2.7}% 17
\BOOKMARK [2][-]{subsection.2.8}{\376\377\000W\000e\000e\000k\000\040\0007}{section.2}% 18
\BOOKMARK [3][-]{subsubsection.2.8.1}{\376\377\000H\000W\000\040\0008\000\040\000N\000a\000t\000u\000r\000a\000l\000\040\000N\000u\000m\000b\000e\000r\000s\000\040\000G\000a\000m\000e}{subsection.2.8}% 19
\BOOKMARK [1][-]{section.3}{\376\377\000E\000s\000s\000a\000y}{}% 20
\BOOKMARK [1][-]{section.4}{\376\377\000E\000v\000i\000d\000e\000n\000c\000e\000\040\000o\000f\000\040\000P\000a\000r\000t\000i\000c\000i\000p\000a\000t\000i\000o\000n}{}% 21
\BOOKMARK [1][-]{section.5}{\376\377\000C\000o\000n\000c\000l\000u\000s\000i\000o\000n}{}% 22
